<?xml version="1.0" encoding="UTF-8"?>
<testsuite xmlns:xsi="http://www.w3.org/2001/XMLSchema-instance" xsi:noNamespaceSchemaLocation="https://maven.apache.org/surefire/maven-surefire-plugin/xsd/surefire-test-report-3.0.xsd" version="3.0" name="TestSuite" time="83.899" tests="6" errors="0" skipped="0" failures="5">
  <properties>
    <property name="sun.desktop" value="windows"/>
    <property name="awt.toolkit" value="sun.awt.windows.WToolkit"/>
    <property name="file.encoding.pkg" value="sun.io"/>
    <property name="java.specification.version" value="1.8"/>
    <property name="webdriver.chrome.driver" value="./Drivers/chromedriver.exe"/>
    <property name="sun.cpu.isalist" value="amd64"/>
    <property name="sun.jnu.encoding" value="Cp1252"/>
    <property name="java.class.path" value="E:\jdk-13.0.2_windows-x64_bin\TESTNG_FRAMEWORK\TestNG_FrameWork\target\test-classes;E:\jdk-13.0.2_windows-x64_bin\TESTNG_FRAMEWORK\TestNG_FrameWork\target\classes;C:\Users\Venu Suresh\.m2\repository\org\testng\testng\7.1.0\testng-7.1.0.jar;C:\Users\Venu Suresh\.m2\repository\com\beust\jcommander\1.72\jcommander-1.72.jar;C:\Users\Venu Suresh\.m2\repository\com\google\inject\guice\4.1.0\guice-4.1.0-no_aop.jar;C:\Users\Venu Suresh\.m2\repository\javax\inject\javax.inject\1\javax.inject-1.jar;C:\Users\Venu Suresh\.m2\repository\aopalliance\aopalliance\1.0\aopalliance-1.0.jar;C:\Users\Venu Suresh\.m2\repository\org\yaml\snakeyaml\1.21\snakeyaml-1.21.jar;C:\Users\Venu Suresh\.m2\repository\junit\junit\3.8.1\junit-3.8.1.jar;C:\Users\Venu Suresh\.m2\repository\org\seleniumhq\selenium\selenium-java\3.14.0\selenium-java-3.14.0.jar;C:\Users\Venu Suresh\.m2\repository\org\seleniumhq\selenium\selenium-api\3.14.0\selenium-api-3.14.0.jar;C:\Users\Venu Suresh\.m2\repository\org\seleniumhq\selenium\selenium-chrome-driver\3.14.0\selenium-chrome-driver-3.14.0.jar;C:\Users\Venu Suresh\.m2\repository\org\seleniumhq\selenium\selenium-edge-driver\3.14.0\selenium-edge-driver-3.14.0.jar;C:\Users\Venu Suresh\.m2\repository\org\seleniumhq\selenium\selenium-firefox-driver\3.14.0\selenium-firefox-driver-3.14.0.jar;C:\Users\Venu Suresh\.m2\repository\org\seleniumhq\selenium\selenium-ie-driver\3.14.0\selenium-ie-driver-3.14.0.jar;C:\Users\Venu Suresh\.m2\repository\org\seleniumhq\selenium\selenium-opera-driver\3.14.0\selenium-opera-driver-3.14.0.jar;C:\Users\Venu Suresh\.m2\repository\org\seleniumhq\selenium\selenium-remote-driver\3.14.0\selenium-remote-driver-3.14.0.jar;C:\Users\Venu Suresh\.m2\repository\org\seleniumhq\selenium\selenium-safari-driver\3.14.0\selenium-safari-driver-3.14.0.jar;C:\Users\Venu Suresh\.m2\repository\org\seleniumhq\selenium\selenium-support\3.14.0\selenium-support-3.14.0.jar;C:\Users\Venu Suresh\.m2\repository\net\bytebuddy\byte-buddy\1.8.15\byte-buddy-1.8.15.jar;C:\Users\Venu Suresh\.m2\repository\org\apache\commons\commons-exec\1.3\commons-exec-1.3.jar;C:\Users\Venu Suresh\.m2\repository\commons-codec\commons-codec\1.10\commons-codec-1.10.jar;C:\Users\Venu Suresh\.m2\repository\commons-logging\commons-logging\1.2\commons-logging-1.2.jar;C:\Users\Venu Suresh\.m2\repository\com\google\guava\guava\25.0-jre\guava-25.0-jre.jar;C:\Users\Venu Suresh\.m2\repository\com\google\code\findbugs\jsr305\1.3.9\jsr305-1.3.9.jar;C:\Users\Venu Suresh\.m2\repository\org\checkerframework\checker-compat-qual\2.0.0\checker-compat-qual-2.0.0.jar;C:\Users\Venu Suresh\.m2\repository\com\google\errorprone\error_prone_annotations\2.1.3\error_prone_annotations-2.1.3.jar;C:\Users\Venu Suresh\.m2\repository\com\google\j2objc\j2objc-annotations\1.1\j2objc-annotations-1.1.jar;C:\Users\Venu Suresh\.m2\repository\org\codehaus\mojo\animal-sniffer-annotations\1.14\animal-sniffer-annotations-1.14.jar;C:\Users\Venu Suresh\.m2\repository\org\apache\httpcomponents\httpclient\4.5.5\httpclient-4.5.5.jar;C:\Users\Venu Suresh\.m2\repository\org\apache\httpcomponents\httpcore\4.4.9\httpcore-4.4.9.jar;C:\Users\Venu Suresh\.m2\repository\com\squareup\okhttp3\okhttp\3.10.0\okhttp-3.10.0.jar;C:\Users\Venu Suresh\.m2\repository\com\squareup\okio\okio\1.14.1\okio-1.14.1.jar;C:\Users\Venu Suresh\.m2\repository\org\apache\poi\poi\3.17\poi-3.17.jar;C:\Users\Venu Suresh\.m2\repository\org\apache\commons\commons-collections4\4.1\commons-collections4-4.1.jar;C:\Users\Venu Suresh\.m2\repository\org\apache\poi\poi-ooxml\3.17\poi-ooxml-3.17.jar;C:\Users\Venu Suresh\.m2\repository\org\apache\poi\poi-ooxml-schemas\3.17\poi-ooxml-schemas-3.17.jar;C:\Users\Venu Suresh\.m2\repository\org\apache\xmlbeans\xmlbeans\2.6.0\xmlbeans-2.6.0.jar;C:\Users\Venu Suresh\.m2\repository\stax\stax-api\1.0.1\stax-api-1.0.1.jar;C:\Users\Venu Suresh\.m2\repository\com\github\virtuald\curvesapi\1.04\curvesapi-1.04.jar;C:\Users\Venu Suresh\.m2\repository\com\aventstack\extentreports\3.1.2\extentreports-3.1.2.jar;C:\Users\Venu Suresh\.m2\repository\org\freemarker\freemarker\2.3.23\freemarker-2.3.23.jar;C:\Users\Venu Suresh\.m2\repository\org\mongodb\mongodb-driver\3.3.0\mongodb-driver-3.3.0.jar;C:\Users\Venu Suresh\.m2\repository\org\mongodb\bson\3.3.0\bson-3.3.0.jar;C:\Users\Venu Suresh\.m2\repository\org\mongodb\mongodb-driver-core\3.3.0\mongodb-driver-core-3.3.0.jar;C:\Users\Venu Suresh\.m2\repository\org\apache\httpcomponents\httpmime\4.5.2\httpmime-4.5.2.jar;C:\Users\Venu Suresh\.m2\repository\org\jsoup\jsoup\1.9.2\jsoup-1.9.2.jar;C:\Users\Venu Suresh\.m2\repository\com\google\code\gson\gson\2.8.0\gson-2.8.0.jar;C:\Users\Venu Suresh\.m2\repository\org\apache\commons\commons-lang3\3.0\commons-lang3-3.0.jar;C:\Users\Venu Suresh\.m2\repository\commons-io\commons-io\1.3.2\commons-io-1.3.2.jar;C:\Users\Venu Suresh\.m2\repository\log4j\log4j\1.2.17\log4j-1.2.17.jar;"/>
    <property name="java.vm.vendor" value="Oracle Corporation"/>
    <property name="sun.arch.data.model" value="64"/>
    <property name="user.variant" value=""/>
    <property name="java.vendor.url" value="http://java.oracle.com/"/>
    <property name="user.timezone" value="Asia/Calcutta"/>
    <property name="java.vm.specification.version" value="1.8"/>
    <property name="os.name" value="Windows 10"/>
    <property name="user.country" value="IN"/>
    <property name="sun.java.launcher" value="SUN_STANDARD"/>
    <property name="sun.boot.library.path" value="E:\jdk-13.0.2_windows-x64_bin\Java SE 1.8\jre\bin"/>
    <property name="sun.java.command" value="C:\Users\Venu Suresh\AppData\Local\Temp\surefire7241359062981315590\surefirebooter6337634554619937473.jar C:\Users\Venu Suresh\AppData\Local\Temp\surefire7241359062981315590 2021-10-25T11-22-24_745-jvmRun1 surefire6972662445165581319tmp surefire_01692359159319909765tmp"/>
    <property name="surefire.test.class.path" value="E:\jdk-13.0.2_windows-x64_bin\TESTNG_FRAMEWORK\TestNG_FrameWork\target\test-classes;E:\jdk-13.0.2_windows-x64_bin\TESTNG_FRAMEWORK\TestNG_FrameWork\target\classes;C:\Users\Venu Suresh\.m2\repository\org\testng\testng\7.1.0\testng-7.1.0.jar;C:\Users\Venu Suresh\.m2\repository\com\beust\jcommander\1.72\jcommander-1.72.jar;C:\Users\Venu Suresh\.m2\repository\com\google\inject\guice\4.1.0\guice-4.1.0-no_aop.jar;C:\Users\Venu Suresh\.m2\repository\javax\inject\javax.inject\1\javax.inject-1.jar;C:\Users\Venu Suresh\.m2\repository\aopalliance\aopalliance\1.0\aopalliance-1.0.jar;C:\Users\Venu Suresh\.m2\repository\org\yaml\snakeyaml\1.21\snakeyaml-1.21.jar;C:\Users\Venu Suresh\.m2\repository\junit\junit\3.8.1\junit-3.8.1.jar;C:\Users\Venu Suresh\.m2\repository\org\seleniumhq\selenium\selenium-java\3.14.0\selenium-java-3.14.0.jar;C:\Users\Venu Suresh\.m2\repository\org\seleniumhq\selenium\selenium-api\3.14.0\selenium-api-3.14.0.jar;C:\Users\Venu Suresh\.m2\repository\org\seleniumhq\selenium\selenium-chrome-driver\3.14.0\selenium-chrome-driver-3.14.0.jar;C:\Users\Venu Suresh\.m2\repository\org\seleniumhq\selenium\selenium-edge-driver\3.14.0\selenium-edge-driver-3.14.0.jar;C:\Users\Venu Suresh\.m2\repository\org\seleniumhq\selenium\selenium-firefox-driver\3.14.0\selenium-firefox-driver-3.14.0.jar;C:\Users\Venu Suresh\.m2\repository\org\seleniumhq\selenium\selenium-ie-driver\3.14.0\selenium-ie-driver-3.14.0.jar;C:\Users\Venu Suresh\.m2\repository\org\seleniumhq\selenium\selenium-opera-driver\3.14.0\selenium-opera-driver-3.14.0.jar;C:\Users\Venu Suresh\.m2\repository\org\seleniumhq\selenium\selenium-remote-driver\3.14.0\selenium-remote-driver-3.14.0.jar;C:\Users\Venu Suresh\.m2\repository\org\seleniumhq\selenium\selenium-safari-driver\3.14.0\selenium-safari-driver-3.14.0.jar;C:\Users\Venu Suresh\.m2\repository\org\seleniumhq\selenium\selenium-support\3.14.0\selenium-support-3.14.0.jar;C:\Users\Venu Suresh\.m2\repository\net\bytebuddy\byte-buddy\1.8.15\byte-buddy-1.8.15.jar;C:\Users\Venu Suresh\.m2\repository\org\apache\commons\commons-exec\1.3\commons-exec-1.3.jar;C:\Users\Venu Suresh\.m2\repository\commons-codec\commons-codec\1.10\commons-codec-1.10.jar;C:\Users\Venu Suresh\.m2\repository\commons-logging\commons-logging\1.2\commons-logging-1.2.jar;C:\Users\Venu Suresh\.m2\repository\com\google\guava\guava\25.0-jre\guava-25.0-jre.jar;C:\Users\Venu Suresh\.m2\repository\com\google\code\findbugs\jsr305\1.3.9\jsr305-1.3.9.jar;C:\Users\Venu Suresh\.m2\repository\org\checkerframework\checker-compat-qual\2.0.0\checker-compat-qual-2.0.0.jar;C:\Users\Venu Suresh\.m2\repository\com\google\errorprone\error_prone_annotations\2.1.3\error_prone_annotations-2.1.3.jar;C:\Users\Venu Suresh\.m2\repository\com\google\j2objc\j2objc-annotations\1.1\j2objc-annotations-1.1.jar;C:\Users\Venu Suresh\.m2\repository\org\codehaus\mojo\animal-sniffer-annotations\1.14\animal-sniffer-annotations-1.14.jar;C:\Users\Venu Suresh\.m2\repository\org\apache\httpcomponents\httpclient\4.5.5\httpclient-4.5.5.jar;C:\Users\Venu Suresh\.m2\repository\org\apache\httpcomponents\httpcore\4.4.9\httpcore-4.4.9.jar;C:\Users\Venu Suresh\.m2\repository\com\squareup\okhttp3\okhttp\3.10.0\okhttp-3.10.0.jar;C:\Users\Venu Suresh\.m2\repository\com\squareup\okio\okio\1.14.1\okio-1.14.1.jar;C:\Users\Venu Suresh\.m2\repository\org\apache\poi\poi\3.17\poi-3.17.jar;C:\Users\Venu Suresh\.m2\repository\org\apache\commons\commons-collections4\4.1\commons-collections4-4.1.jar;C:\Users\Venu Suresh\.m2\repository\org\apache\poi\poi-ooxml\3.17\poi-ooxml-3.17.jar;C:\Users\Venu Suresh\.m2\repository\org\apache\poi\poi-ooxml-schemas\3.17\poi-ooxml-schemas-3.17.jar;C:\Users\Venu Suresh\.m2\repository\org\apache\xmlbeans\xmlbeans\2.6.0\xmlbeans-2.6.0.jar;C:\Users\Venu Suresh\.m2\repository\stax\stax-api\1.0.1\stax-api-1.0.1.jar;C:\Users\Venu Suresh\.m2\repository\com\github\virtuald\curvesapi\1.04\curvesapi-1.04.jar;C:\Users\Venu Suresh\.m2\repository\com\aventstack\extentreports\3.1.2\extentreports-3.1.2.jar;C:\Users\Venu Suresh\.m2\repository\org\freemarker\freemarker\2.3.23\freemarker-2.3.23.jar;C:\Users\Venu Suresh\.m2\repository\org\mongodb\mongodb-driver\3.3.0\mongodb-driver-3.3.0.jar;C:\Users\Venu Suresh\.m2\repository\org\mongodb\bson\3.3.0\bson-3.3.0.jar;C:\Users\Venu Suresh\.m2\repository\org\mongodb\mongodb-driver-core\3.3.0\mongodb-driver-core-3.3.0.jar;C:\Users\Venu Suresh\.m2\repository\org\apache\httpcomponents\httpmime\4.5.2\httpmime-4.5.2.jar;C:\Users\Venu Suresh\.m2\repository\org\jsoup\jsoup\1.9.2\jsoup-1.9.2.jar;C:\Users\Venu Suresh\.m2\repository\com\google\code\gson\gson\2.8.0\gson-2.8.0.jar;C:\Users\Venu Suresh\.m2\repository\org\apache\commons\commons-lang3\3.0\commons-lang3-3.0.jar;C:\Users\Venu Suresh\.m2\repository\commons-io\commons-io\1.3.2\commons-io-1.3.2.jar;C:\Users\Venu Suresh\.m2\repository\log4j\log4j\1.2.17\log4j-1.2.17.jar;"/>
    <property name="sun.cpu.endian" value="little"/>
    <property name="user.home" value="C:\Users\Venu Suresh"/>
    <property name="user.language" value="en"/>
    <property name="java.specification.vendor" value="Oracle Corporation"/>
    <property name="java.home" value="E:\jdk-13.0.2_windows-x64_bin\Java SE 1.8\jre"/>
    <property name="basedir" value="E:\jdk-13.0.2_windows-x64_bin\TESTNG_FRAMEWORK\TestNG_FrameWork"/>
    <property name="file.separator" value="\"/>
    <property name="line.separator" value="&#10;"/>
    <property name="java.vm.specification.vendor" value="Oracle Corporation"/>
    <property name="java.specification.name" value="Java Platform API Specification"/>
    <property name="java.awt.graphicsenv" value="sun.awt.Win32GraphicsEnvironment"/>
    <property name="surefire.real.class.path" value="C:\Users\Venu Suresh\AppData\Local\Temp\surefire7241359062981315590\surefirebooter6337634554619937473.jar"/>
    <property name="sun.boot.class.path" value="E:\jdk-13.0.2_windows-x64_bin\Java SE 1.8\jre\lib\resources.jar;E:\jdk-13.0.2_windows-x64_bin\Java SE 1.8\jre\lib\rt.jar;E:\jdk-13.0.2_windows-x64_bin\Java SE 1.8\jre\lib\sunrsasign.jar;E:\jdk-13.0.2_windows-x64_bin\Java SE 1.8\jre\lib\jsse.jar;E:\jdk-13.0.2_windows-x64_bin\Java SE 1.8\jre\lib\jce.jar;E:\jdk-13.0.2_windows-x64_bin\Java SE 1.8\jre\lib\charsets.jar;E:\jdk-13.0.2_windows-x64_bin\Java SE 1.8\jre\lib\jfr.jar;E:\jdk-13.0.2_windows-x64_bin\Java SE 1.8\jre\classes"/>
    <property name="user.script" value=""/>
    <property name="sun.management.compiler" value="HotSpot 64-Bit Tiered Compilers"/>
    <property name="java.runtime.version" value="1.8.0_202-b08"/>
    <property name="user.name" value="Venu Suresh"/>
    <property name="path.separator" value=";"/>
    <property name="os.version" value="10.0"/>
    <property name="java.endorsed.dirs" value="E:\jdk-13.0.2_windows-x64_bin\Java SE 1.8\jre\lib\endorsed"/>
    <property name="java.runtime.name" value="Java(TM) SE Runtime Environment"/>
    <property name="file.encoding" value="Cp1252"/>
    <property name="java.vm.name" value="Java HotSpot(TM) 64-Bit Server VM"/>
    <property name="localRepository" value="C:\Users\Venu Suresh\.m2\repository"/>
    <property name="java.vendor.url.bug" value="http://bugreport.sun.com/bugreport/"/>
    <property name="java.io.tmpdir" value="C:\Users\VENUSU~1\AppData\Local\Temp\"/>
    <property name="java.version" value="1.8.0_202"/>
    <property name="user.dir" value="E:\jdk-13.0.2_windows-x64_bin\TESTNG_FRAMEWORK\TestNG_FrameWork"/>
    <property name="os.arch" value="amd64"/>
    <property name="java.vm.specification.name" value="Java Virtual Machine Specification"/>
    <property name="java.awt.printerjob" value="sun.awt.windows.WPrinterJob"/>
    <property name="sun.os.patch.level" value=""/>
    <property name="java.library.path" value="E:\jdk-13.0.2_windows-x64_bin\Java SE 1.8\jre\bin;C:\WINDOWS\Sun\Java\bin;C:\WINDOWS\system32;C:\WINDOWS;E:/jdk-13.0.2_windows-x64_bin/eclipse-jee-2021-09-R-win32-x86_64/eclipse//plugins/org.eclipse.justj.openjdk.hotspot.jre.full.win32.x86_64_16.0.2.v20210721-1149/jre/bin/server;E:/jdk-13.0.2_windows-x64_bin/eclipse-jee-2021-09-R-win32-x86_64/eclipse//plugins/org.eclipse.justj.openjdk.hotspot.jre.full.win32.x86_64_16.0.2.v20210721-1149/jre/bin;C:\Program Files (x86)\Common Files\Oracle\Java\javapath;C:\Windows\system32;C:\Windows;C:\Windows\System32\Wbem;C:\Windows\System32\WindowsPowerShell\v1.0\;C:\Windows\System32\OpenSSH\;C:\Program Files (x86)\NVIDIA Corporation\PhysX\Common;C:\Program Files\NVIDIA Corporation\NVIDIA NvDLISR;C:\TDM-GCC-64\bin;C:\Program Files\Git\cmd;C:\MinGW\bin;C:\Users\Venu Suresh\AppData\Local\Programs\Python\Python38;C:\Program Files\dotnet\;C:\WINDOWS\system32;C:\WINDOWS;C:\WINDOWS\System32\Wbem;C:\WINDOWS\System32\WindowsPowerShell\v1.0\;C:\WINDOWS\System32\OpenSSH\;%JAVA_HOME%\bin;C:\Users\Venu Suresh\AppData\Local\Microsoft\WindowsApps;C:\Program Files\nodejs\atlasworkshop\atlastodolist\Git\bin;C:\MinGW\bin;C:\Users\Venu Suresh\AppData\Local\Programs\Python\Python36\python.exe;C:\Users\Venu Suresh\AppData\Local\Programs\Python\Python38;C:\ VS Code\bin;C:\php-8.0.0-nts-Win32-vs16-x64;C:\Users\Venu Suresh\anaconda\Scripts;C:\Users\Venu Suresh\AppData\Local\Microsoft\WindowsApps;E:\jdk-13.0.2_windows-x64_bin\jdk-13.0.2\bin;E:\jdk-13.0.2_windows-x64_bin\eclipse-jee-2021-09-R-win32-x86_64\eclipse;;."/>
    <property name="java.vm.info" value="mixed mode"/>
    <property name="java.vendor" value="Oracle Corporation"/>
    <property name="java.vm.version" value="25.202-b08"/>
    <property name="java.ext.dirs" value="E:\jdk-13.0.2_windows-x64_bin\Java SE 1.8\jre\lib\ext;C:\WINDOWS\Sun\Java\lib\ext"/>
    <property name="sun.io.unicode.encoding" value="UnicodeLittle"/>
    <property name="java.class.version" value="52.0"/>
  </properties>
  <testcase name="loginTest[Venusprime1717@gmail.com, .Test^1234](1)" classname="com.mindtree.runner.LoginTestClass" time="21.789">
    <system-out><![CDATA[ INFO [main] (ExtentReportLogs.java:26)- Test Started
 INFO [main] (LoginTestClass.java:29)- URL is Opened
 INFO [main] (LoginTestClass.java:33)- LoginIcon is Clicked
 INFO [main] (LoginTestClass.java:36)- signInButton is Clicked
 INFO [main] (LoginTestClass.java:39)- Username is Entered
 INFO [main] (LoginTestClass.java:42)- Password is Entered
 INFO [main] (LoginTestClass.java:44)- LoginButton is Clicked
]]></system-out>
    <system-err><![CDATA[Starting ChromeDriver 94.0.4606.41 (333e85df3c9b656b518b5f1add5ff246365b6c24-refs/branch-heads/4606@{#845}) on port 44081
Only local connections are allowed.
Please see https://chromedriver.chromium.org/security-considerations for suggestions on keeping ChromeDriver safe.
ChromeDriver was started successfully.
Oct 25, 2021 11:22:27 AM org.openqa.selenium.remote.ProtocolHandshake createSession
INFO: Detected dialect: W3C
]]></system-err>
  </testcase>
  <testcase name="loginTest[abc@gmail.com, rty1236](2)" classname="com.mindtree.runner.LoginTestClass" time="11.638">
    <failure type="junit.framework.AssertionFailedError"><![CDATA[junit.framework.AssertionFailedError
	at com.mindtree.runner.LoginTestClass.loginTest(LoginTestClass.java:62)
]]></failure>
    <system-out><![CDATA[ INFO [main] (ExtentReportLogs.java:26)- Test Started
 INFO [main] (LoginTestClass.java:29)- URL is Opened
 INFO [main] (LoginTestClass.java:33)- LoginIcon is Clicked
 INFO [main] (LoginTestClass.java:36)- signInButton is Clicked
 INFO [main] (LoginTestClass.java:39)- Username is Entered
 INFO [main] (LoginTestClass.java:42)- Password is Entered
 INFO [main] (LoginTestClass.java:44)- LoginButton is Clicked
ERROR [main] (LoginTestClass.java:61)- Login Credentials are Invalid
]]></system-out>
  </testcase>
  <testcase name="loginTest[Username_1, rty124$](3)" classname="com.mindtree.runner.LoginTestClass" time="11.479">
    <failure type="junit.framework.AssertionFailedError"><![CDATA[junit.framework.AssertionFailedError
	at com.mindtree.runner.LoginTestClass.loginTest(LoginTestClass.java:62)
]]></failure>
    <system-out><![CDATA[ INFO [main] (ExtentReportLogs.java:26)- Test Started
 INFO [main] (LoginTestClass.java:29)- URL is Opened
 INFO [main] (LoginTestClass.java:33)- LoginIcon is Clicked
 INFO [main] (LoginTestClass.java:36)- signInButton is Clicked
 INFO [main] (LoginTestClass.java:39)- Username is Entered
 INFO [main] (LoginTestClass.java:42)- Password is Entered
 INFO [main] (LoginTestClass.java:44)- LoginButton is Clicked
ERROR [main] (LoginTestClass.java:61)- Login Credentials are Invalid
]]></system-out>
  </testcase>
  <testcase name="loginTest[Username_2, rty_125](4)" classname="com.mindtree.runner.LoginTestClass" time="11.308">
    <failure type="junit.framework.AssertionFailedError"><![CDATA[junit.framework.AssertionFailedError
	at com.mindtree.runner.LoginTestClass.loginTest(LoginTestClass.java:62)
]]></failure>
    <system-out><![CDATA[ INFO [main] (ExtentReportLogs.java:26)- Test Started
 INFO [main] (LoginTestClass.java:29)- URL is Opened
 INFO [main] (LoginTestClass.java:33)- LoginIcon is Clicked
 INFO [main] (LoginTestClass.java:36)- signInButton is Clicked
 INFO [main] (LoginTestClass.java:39)- Username is Entered
 INFO [main] (LoginTestClass.java:42)- Password is Entered
 INFO [main] (LoginTestClass.java:44)- LoginButton is Clicked
ERROR [main] (LoginTestClass.java:61)- Login Credentials are Invalid
]]></system-out>
  </testcase>
  <testcase name="loginTest[Username_3, rty126rty](5)" classname="com.mindtree.runner.LoginTestClass" time="11.378">
    <failure type="junit.framework.AssertionFailedError"><![CDATA[junit.framework.AssertionFailedError
	at com.mindtree.runner.LoginTestClass.loginTest(LoginTestClass.java:62)
]]></failure>
    <system-out><![CDATA[ INFO [main] (ExtentReportLogs.java:26)- Test Started
 INFO [main] (LoginTestClass.java:29)- URL is Opened
 INFO [main] (LoginTestClass.java:33)- LoginIcon is Clicked
 INFO [main] (LoginTestClass.java:36)- signInButton is Clicked
 INFO [main] (LoginTestClass.java:39)- Username is Entered
 INFO [main] (LoginTestClass.java:42)- Password is Entered
 INFO [main] (LoginTestClass.java:44)- LoginButton is Clicked
ERROR [main] (LoginTestClass.java:61)- Login Credentials are Invalid
]]></system-out>
  </testcase>
  <testcase name="loginTest[Username_4, rty127e](6)" classname="com.mindtree.runner.LoginTestClass" time="12.482">
    <failure type="junit.framework.AssertionFailedError"><![CDATA[junit.framework.AssertionFailedError
	at com.mindtree.runner.LoginTestClass.loginTest(LoginTestClass.java:62)
]]></failure>
    <system-out><![CDATA[ INFO [main] (ExtentReportLogs.java:26)- Test Started
 INFO [main] (LoginTestClass.java:29)- URL is Opened
 INFO [main] (LoginTestClass.java:33)- LoginIcon is Clicked
 INFO [main] (LoginTestClass.java:36)- signInButton is Clicked
 INFO [main] (LoginTestClass.java:39)- Username is Entered
 INFO [main] (LoginTestClass.java:42)- Password is Entered
 INFO [main] (LoginTestClass.java:44)- LoginButton is Clicked
ERROR [main] (LoginTestClass.java:61)- Login Credentials are Invalid
]]></system-out>
  </testcase>
</testsuite>